<?xml version="1.0" encoding="UTF-8"?>
<!-- Generated by org.testng.reporters.JUnitReportReporter -->
<testsuite hostname="ANB143" failures="0" tests="1" name="testcases.TC001" time="2.736" errors="0" timestamp="2021-11-23T11:06:12 BRT" skipped="0">
  <testcase classname="testcases.TC001" name="testcase1" time="2.736"/>
  <system-out/>
</testsuite> <!-- testcases.TC001 -->
